2026-07-06 15:22:12,994 - INFO - Creating Vendor Summary Table.....
2026-07-06 15:23:57,663 - INFO -    VendorNumber                   VendorName  Brand              Description  \
0          1128  BROWN-FORMAN CORP             1233  Jack Daniels No 7 Black   
1          4425        MARTIGNETTI COMPANIES   3405    Tito's Handmade Vodka   
2         17035  PERNOD RICARD USA             8068         Absolut 80 Proof   
3          3960  DIAGEO NORTH AMERICA INC      4261   Capt Morgan Spiced Rum   
4          3960  DIAGEO NORTH AMERICA INC      3545          Ketel One Vodka   

   PurchasePrice  ActualPrice Volume  TotalPurchaseQuantity  \
0          26.27        36.99   1750                 145080   
1          23.19        28.99   1750                 164038   
2          18.24        24.99   1750                 187407   
3          16.17        22.99   1750                 201682   
4          21.89        29.99   1750                 138109   

   TotalPurchaseDollars  TotalSalesDollars  TotalSalesPrice  \
0            3811251.60         5101919.51        672819.31   
1            3804041.22         4819073.49        561512.37   
2            3418303.68         4538120.60        461140.15   
3            3261197.94         4475972.88        420050.01   
4            3023206.01         4223107.62        545778.28   

   TotalSalesQuantity  TotalExciseTax  FreightCost  
0            142049.0       260999.20     68601.68  
1            160247.0       294438.66    144929.24  
2            187140.0       343854.07    123780.22  
3            200412.0       368242.80    257032.07  
4            135838.0       249587.83    257032.07  
2026-07-06 15:23:57,678 - INFO - Cleaning Data.....
2026-07-06 15:23:57,710 - INFO -    VendorNumber                VendorName  Brand              Description  \
0          1128         BROWN-FORMAN CORP   1233  Jack Daniels No 7 Black   
1          4425     MARTIGNETTI COMPANIES   3405    Tito's Handmade Vodka   
2         17035         PERNOD RICARD USA   8068         Absolut 80 Proof   
3          3960  DIAGEO NORTH AMERICA INC   4261   Capt Morgan Spiced Rum   
4          3960  DIAGEO NORTH AMERICA INC   3545          Ketel One Vodka   

   PurchasePrice  ActualPrice  Volume  TotalPurchaseQuantity  \
0          26.27        36.99  1750.0                 145080   
1          23.19        28.99  1750.0                 164038   
2          18.24        24.99  1750.0                 187407   
3          16.17        22.99  1750.0                 201682   
4          21.89        29.99  1750.0                 138109   

   TotalPurchaseDollars  TotalSalesDollars  TotalSalesPrice  \
0            3811251.60         5101919.51        672819.31   
1            3804041.22         4819073.49        561512.37   
2            3418303.68         4538120.60        461140.15   
3            3261197.94         4475972.88        420050.01   
4            3023206.01         4223107.62        545778.28   

   TotalSalesQuantity  TotalExciseTax  FreightCost  GrossProfit  ProfitMargin  \
0            142049.0       260999.20     68601.68   1290667.91     25.297693   
1            160247.0       294438.66    144929.24   1015032.27     21.062810   
2            187140.0       343854.07    123780.22   1119816.92     24.675786   
3            200412.0       368242.80    257032.07   1214774.94     27.139908   
4            135838.0       249587.83    257032.07   1199901.61     28.412764   

   StockTurnover  SalesToPurchaseRatio  
0       0.979108              1.338647  
1       0.976890              1.266830  
2       0.998575              1.327594  
3       0.993703              1.372493  
4       0.983556              1.396897  
2026-07-06 15:23:57,727 - INFO - Ingesting data....
2026-07-06 15:23:57,909 - INFO - vendor_sales_summary ingested successfully.
2026-07-06 15:23:57,910 - INFO - Completed
2026-07-06 18:36:28,969 - ERROR - No such comm target registered: jupyter.widget.control
2026-07-06 18:36:28,980 - WARNING - No such comm: a7d4fe79-07b8-4640-8948-5eab655153af
2026-07-06 18:36:28,980 - DEBUG - Current comms: []
2026-07-06 18:37:07,050 - ERROR - No such comm target registered: jupyter.widget.control
2026-07-06 18:37:07,085 - WARNING - No such comm: 2e6dc380-84be-4a25-9b80-dfb2b463a02e
2026-07-06 18:37:07,106 - DEBUG - Current comms: []
2026-07-06 19:53:53,492 - ERROR - No such comm target registered: jupyter.widget.control
2026-07-06 19:53:53,500 - WARNING - No such comm: c7490560-7ecd-49ff-9c3e-421b122e1178
2026-07-06 19:53:53,501 - DEBUG - Current comms: []
2026-07-06 20:09:30,089 - ERROR - No such comm target registered: jupyter.widget.control
2026-07-06 20:09:30,094 - WARNING - No such comm: 9faf9629-3be2-4934-827d-18e6aaabe779
2026-07-06 20:09:30,094 - DEBUG - Current comms: []
2026-07-06 20:12:32,256 - ERROR - No such comm target registered: jupyter.widget.control
2026-07-06 20:12:32,260 - WARNING - No such comm: 8526f1fc-41e5-4d82-aa05-37f0bd5c2a42
2026-07-06 20:12:32,261 - DEBUG - Current comms: []
2026-07-06 20:16:12,373 - ERROR - No such comm target registered: jupyter.widget.control
2026-07-06 20:16:12,379 - WARNING - No such comm: cf920339-cea9-4e88-a6ed-9a80bba71054
2026-07-06 20:16:12,380 - DEBUG - Current comms: []
2026-07-06 20:18:15,305 - ERROR - No such comm target registered: jupyter.widget.control
2026-07-06 20:18:15,312 - WARNING - No such comm: c4c7006d-9ed4-49e7-8a13-17ce93f26bdc
2026-07-06 20:18:15,313 - DEBUG - Current comms: []
2026-07-06 22:34:52,239 - ERROR - No such comm target registered: jupyter.widget.control
2026-07-06 22:34:52,241 - WARNING - No such comm: 81891a18-9717-4321-89b8-da3c6472fd6a
2026-07-06 22:34:52,241 - DEBUG - Current comms: []
