2026-07-03 20:13:59,506-INFO-Ingestingbegin_inventory.csv in db
2026-07-03 20:14:04,792-INFO-Ingestingend_inventory.csv in db
2026-07-03 20:14:23,492-INFO-Ingestingpurchases.csv in db
2026-07-03 20:23:55,135-INFO-Ingestingpurchase_prices.csv in db
2026-07-03 20:24:55,173-INFO-Ingestingsales.csv in db
2026-07-03 20:45:49,040-INFO-Ingestingvendor_invoice.csv in db
2026-07-03 20:45:49,411-INFO----------------Ingestion Complete----------------
2026-07-03 20:45:49,412-INFO-
Total Time Taken:31.84696977933248 minutes
2026-07-03 21:58:34,820-ERROR-No such comm target registered: jupyter.widget.control
2026-07-03 21:58:34,832-WARNING-No such comm: 98bfd88e-2a56-4c54-a891-ed271e918d86
2026-07-03 21:58:34,833-DEBUG-Current comms: []
2026-07-06 02:41:44,367-INFO-Ingestingbegin_inventory.csv in db
2026-07-06 02:41:49,642-INFO-Ingestingend_inventory.csv in db
2026-07-06 02:42:06,043-INFO-Ingestingpurchases.csv in db
2026-07-06 02:45:01,152-INFO-Ingestingbegin_inventory.csv in db
2026-07-06 02:45:05,679-INFO-begin_inventory ingested successfully.
2026-07-06 02:45:06,332-INFO-Ingestingend_inventory.csv in db
2026-07-06 02:45:11,877-INFO-end_inventory ingested successfully.
2026-07-06 02:45:22,441-INFO-Ingestingpurchases.csv in db
2026-07-06 02:46:54,395-INFO-purchases ingested successfully.
2026-07-06 02:46:54,717-INFO-Ingestingpurchase_prices.csv in db
2026-07-06 02:46:55,047-INFO-purchase_prices ingested successfully.
2026-07-06 02:47:35,442-INFO-Ingestingsales.csv in db
2026-07-06 02:59:10,327-INFO-sales ingested successfully.
2026-07-06 02:59:12,815-INFO-Ingestingvendor_invoice.csv in db
2026-07-06 02:59:13,100-INFO-vendor_invoice ingested successfully.
2026-07-06 02:59:13,101-INFO----------------Ingestion Complete----------------
2026-07-06 02:59:13,101-INFO-
Total Time Taken:14.208809038003286 minutes
2026-07-06 03:25:21,881-ERROR-No such comm target registered: jupyter.widget.control
2026-07-06 03:25:21,887-WARNING-No such comm: 0fb7a10e-ba0c-4c53-aeef-fa8320db49c3
2026-07-06 03:25:21,887-DEBUG-Current comms: []
2026-07-06 03:25:23,895-ERROR-No such comm target registered: jupyter.widget.control
2026-07-06 03:25:23,901-WARNING-No such comm: 95d81aca-7e44-47a0-a1ba-43b6e5bdf5d6
2026-07-06 03:25:23,901-DEBUG-Current comms: []
2026-07-06 03:38:20,877-ERROR-No such comm target registered: jupyter.widget.control
2026-07-06 03:38:20,882-WARNING-No such comm: b79101f5-0397-48b5-a520-a49f2ab4d714
2026-07-06 03:38:20,882-DEBUG-Current comms: []
2026-07-06 03:38:20,903-ERROR-No such comm target registered: jupyter.widget.control
2026-07-06 03:38:20,909-WARNING-No such comm: 70ac4205-075f-41f7-9f3c-521a53f47f75
2026-07-06 03:38:20,909-DEBUG-Current comms: []
2026-07-06 05:43:07,879-ERROR-No such comm target registered: jupyter.widget.control
2026-07-06 05:43:07,883-WARNING-No such comm: ff483627-bb70-46de-bb27-5dcd4bc09a02
2026-07-06 05:43:07,884-DEBUG-Current comms: []
2026-07-06 05:43:07,896-ERROR-No such comm target registered: jupyter.widget.control
2026-07-06 05:43:07,901-WARNING-No such comm: 21992f19-c655-4d6a-a37f-4c67bab61ea2
2026-07-06 05:43:07,901-DEBUG-Current comms: []
2026-07-06 09:45:03,654-ERROR-No such comm target registered: jupyter.widget.control
2026-07-06 09:45:03,685-WARNING-No such comm: a6b8b63c-0aa5-4844-8a98-7566a6977525
2026-07-06 09:45:03,699-DEBUG-Current comms: []
2026-07-06 09:45:04,664-ERROR-No such comm target registered: jupyter.widget.control
2026-07-06 09:45:04,696-WARNING-No such comm: 19b4a5b9-c975-45cd-a313-a863e6f374c7
2026-07-06 09:45:04,697-DEBUG-Current comms: []
2026-07-06 09:51:58,043-ERROR-No such comm target registered: jupyter.widget.control
2026-07-06 09:51:58,048-WARNING-No such comm: 9cf4b34b-3641-4d6f-a357-af2c4c816c89
2026-07-06 09:51:58,048-DEBUG-Current comms: []
2026-07-06 09:51:58,062-ERROR-No such comm target registered: jupyter.widget.control
2026-07-06 09:51:58,086-WARNING-No such comm: 415b9be3-fbbe-47c2-a9c0-d819e85bbd89
2026-07-06 09:51:58,087-DEBUG-Current comms: []
2026-07-06 13:01:53,238-ERROR-No such comm target registered: jupyter.widget.control
2026-07-06 13:01:53,240-WARNING-No such comm: 049e475c-e15c-4424-a5eb-07c4ec98ee0f
2026-07-06 13:01:53,241-DEBUG-Current comms: []
2026-07-06 13:01:53,253-ERROR-No such comm target registered: jupyter.widget.control
2026-07-06 13:01:53,255-WARNING-No such comm: 2bb8bb9d-e7c4-48c0-b89f-fb03ad09eb1c
2026-07-06 13:01:53,255-DEBUG-Current comms: []
2026-07-06 13:32:57,128-ERROR-No such comm target registered: jupyter.widget.control
2026-07-06 13:32:57,132-WARNING-No such comm: 4869f967-c2fd-4d81-8715-26fa6852d8ac
2026-07-06 13:32:57,133-DEBUG-Current comms: []
2026-07-06 14:50:47,157-INFO-Creating Vendor Summary Table.....
2026-07-06 14:51:36,231-INFO-Creating Vendor Summary Table.....
2026-07-06 14:54:31,420-ERROR-No such comm target registered: jupyter.widget.control
2026-07-06 14:54:31,428-WARNING-No such comm: 3ad9a338-fe84-4bac-bb0a-ce9c8a635fd7
2026-07-06 14:54:31,429-DEBUG-Current comms: []
2026-07-06 14:54:31,511-ERROR-No such comm target registered: jupyter.widget.control
2026-07-06 14:54:31,524-WARNING-No such comm: a9b5f2bc-d130-44ec-83e5-32c82cb35fae
2026-07-06 14:54:31,529-DEBUG-Current comms: []
2026-07-06 14:55:41,342-INFO-Creating Vendor Summary Table.....
2026-07-06 15:01:25,264-ERROR-No such comm target registered: jupyter.widget.control
2026-07-06 15:01:25,287-WARNING-No such comm: 0e8eef38-e345-4fa2-ae44-a1debc3346f4
2026-07-06 15:01:25,287-DEBUG-Current comms: []
2026-07-06 15:01:58,208-INFO-   VendorNumber                   VendorName  Brand              Description  \
0          1128  BROWN-FORMAN CORP             1233  Jack Daniels No 7 Black   
1          4425        MARTIGNETTI COMPANIES   3405    Tito's Handmade Vodka   
2         17035  PERNOD RICARD USA             8068         Absolut 80 Proof   
3          3960  DIAGEO NORTH AMERICA INC      4261   Capt Morgan Spiced Rum   
4          3960  DIAGEO NORTH AMERICA INC      3545          Ketel One Vodka   

   PurchasePrice  ActualPrice Volume  TotalPurchaseQuantity  \
0          26.27        36.99   1750                 145080   
1          23.19        28.99   1750                 164038   
2          18.24        24.99   1750                 187407   
3          16.17        22.99   1750                 201682   
4          21.89        29.99   1750                 138109   

   TotalPurchaseDollars  TotalSalesDollars  TotalSalesPrice  \
0            3811251.60         5101919.51        672819.31   
1            3804041.22         4819073.49        561512.37   
2            3418303.68         4538120.60        461140.15   
3            3261197.94         4475972.88        420050.01   
4            3023206.01         4223107.62        545778.28   

   TotalSalesQuantity  TotalExciseTax  FreightCost  
0            142049.0       260999.20     68601.68  
1            160247.0       294438.66    144929.24  
2            187140.0       343854.07    123780.22  
3            200412.0       368242.80    257032.07  
4            135838.0       249587.83    257032.07  
2026-07-06 15:01:58,224-INFO-Cleaning Data.....
2026-07-06 15:01:58,454-ERROR-No such comm target registered: jupyter.widget.control
2026-07-06 15:01:58,470-WARNING-No such comm: 01f4f775-2dda-4347-8ea0-c27f828fbd63
2026-07-06 15:01:58,474-DEBUG-Current comms: []
2026-07-06 15:06:56,936-INFO-Creating Vendor Summary Table.....
2026-07-06 15:08:26,194-INFO-   VendorNumber                   VendorName  Brand              Description  \
0          1128  BROWN-FORMAN CORP             1233  Jack Daniels No 7 Black   
1          4425        MARTIGNETTI COMPANIES   3405    Tito's Handmade Vodka   
2         17035  PERNOD RICARD USA             8068         Absolut 80 Proof   
3          3960  DIAGEO NORTH AMERICA INC      4261   Capt Morgan Spiced Rum   
4          3960  DIAGEO NORTH AMERICA INC      3545          Ketel One Vodka   

   PurchasePrice  ActualPrice Volume  TotalPurchaseQuantity  \
0          26.27        36.99   1750                 145080   
1          23.19        28.99   1750                 164038   
2          18.24        24.99   1750                 187407   
3          16.17        22.99   1750                 201682   
4          21.89        29.99   1750                 138109   

   TotalPurchaseDollars  TotalSalesDollars  TotalSalesPrice  \
0            3811251.60         5101919.51        672819.31   
1            3804041.22         4819073.49        561512.37   
2            3418303.68         4538120.60        461140.15   
3            3261197.94         4475972.88        420050.01   
4            3023206.01         4223107.62        545778.28   

   TotalSalesQuantity  TotalExciseTax  FreightCost  
0            142049.0       260999.20     68601.68  
1            160247.0       294438.66    144929.24  
2            187140.0       343854.07    123780.22  
3            200412.0       368242.80    257032.07  
4            135838.0       249587.83    257032.07  
2026-07-06 15:08:26,206-INFO-Cleaning Data.....
2026-07-06 15:08:26,239-INFO-   VendorNumber                VendorName  Brand              Description  \
0          1128         BROWN-FORMAN CORP   1233  Jack Daniels No 7 Black   
1          4425     MARTIGNETTI COMPANIES   3405    Tito's Handmade Vodka   
2         17035         PERNOD RICARD USA   8068         Absolut 80 Proof   
3          3960  DIAGEO NORTH AMERICA INC   4261   Capt Morgan Spiced Rum   
4          3960  DIAGEO NORTH AMERICA INC   3545          Ketel One Vodka   

   PurchasePrice  ActualPrice  Volume  TotalPurchaseQuantity  \
0          26.27        36.99  1750.0                 145080   
1          23.19        28.99  1750.0                 164038   
2          18.24        24.99  1750.0                 187407   
3          16.17        22.99  1750.0                 201682   
4          21.89        29.99  1750.0                 138109   

   TotalPurchaseDollars  TotalSalesDollars  TotalSalesPrice  \
0            3811251.60         5101919.51        672819.31   
1            3804041.22         4819073.49        561512.37   
2            3418303.68         4538120.60        461140.15   
3            3261197.94         4475972.88        420050.01   
4            3023206.01         4223107.62        545778.28   

   TotalSalesQuantity  TotalExciseTax  FreightCost  GrossProfit  ProfitMargin  \
0            142049.0       260999.20     68601.68   1290667.91     25.297693   
1            160247.0       294438.66    144929.24   1015032.27     21.062810   
2            187140.0       343854.07    123780.22   1119816.92     24.675786   
3            200412.0       368242.80    257032.07   1214774.94     27.139908   
4            135838.0       249587.83    257032.07   1199901.61     28.412764   

   StockTurnover  SalesToPurchaseRatio  
0       0.979108              1.338647  
1       0.976890              1.266830  
2       0.998575              1.327594  
3       0.993703              1.372493  
4       0.983556              1.396897  
2026-07-06 15:08:26,257-INFO-Ingesting data....
2026-07-06 15:08:26,423-INFO-vendor_sales_summary ingested successfully.
2026-07-06 15:08:26,424-INFO-Completed
2026-07-06 15:14:35,895-INFO-Creating Vendor Summary Table.....
2026-07-06 15:16:18,165-INFO-   VendorNumber                   VendorName  Brand              Description  \
0          1128  BROWN-FORMAN CORP             1233  Jack Daniels No 7 Black   
1          4425        MARTIGNETTI COMPANIES   3405    Tito's Handmade Vodka   
2         17035  PERNOD RICARD USA             8068         Absolut 80 Proof   
3          3960  DIAGEO NORTH AMERICA INC      4261   Capt Morgan Spiced Rum   
4          3960  DIAGEO NORTH AMERICA INC      3545          Ketel One Vodka   

   PurchasePrice  ActualPrice Volume  TotalPurchaseQuantity  \
0          26.27        36.99   1750                 145080   
1          23.19        28.99   1750                 164038   
2          18.24        24.99   1750                 187407   
3          16.17        22.99   1750                 201682   
4          21.89        29.99   1750                 138109   

   TotalPurchaseDollars  TotalSalesDollars  TotalSalesPrice  \
0            3811251.60         5101919.51        672819.31   
1            3804041.22         4819073.49        561512.37   
2            3418303.68         4538120.60        461140.15   
3            3261197.94         4475972.88        420050.01   
4            3023206.01         4223107.62        545778.28   

   TotalSalesQuantity  TotalExciseTax  FreightCost  
0            142049.0       260999.20     68601.68  
1            160247.0       294438.66    144929.24  
2            187140.0       343854.07    123780.22  
3            200412.0       368242.80    257032.07  
4            135838.0       249587.83    257032.07  
2026-07-06 15:16:18,178-INFO-Cleaning Data.....
2026-07-06 15:16:18,208-INFO-   VendorNumber                VendorName  Brand              Description  \
0          1128         BROWN-FORMAN CORP   1233  Jack Daniels No 7 Black   
1          4425     MARTIGNETTI COMPANIES   3405    Tito's Handmade Vodka   
2         17035         PERNOD RICARD USA   8068         Absolut 80 Proof   
3          3960  DIAGEO NORTH AMERICA INC   4261   Capt Morgan Spiced Rum   
4          3960  DIAGEO NORTH AMERICA INC   3545          Ketel One Vodka   

   PurchasePrice  ActualPrice  Volume  TotalPurchaseQuantity  \
0          26.27        36.99  1750.0                 145080   
1          23.19        28.99  1750.0                 164038   
2          18.24        24.99  1750.0                 187407   
3          16.17        22.99  1750.0                 201682   
4          21.89        29.99  1750.0                 138109   

   TotalPurchaseDollars  TotalSalesDollars  TotalSalesPrice  \
0            3811251.60         5101919.51        672819.31   
1            3804041.22         4819073.49        561512.37   
2            3418303.68         4538120.60        461140.15   
3            3261197.94         4475972.88        420050.01   
4            3023206.01         4223107.62        545778.28   

   TotalSalesQuantity  TotalExciseTax  FreightCost  GrossProfit  ProfitMargin  \
0            142049.0       260999.20     68601.68   1290667.91     25.297693   
1            160247.0       294438.66    144929.24   1015032.27     21.062810   
2            187140.0       343854.07    123780.22   1119816.92     24.675786   
3            200412.0       368242.80    257032.07   1214774.94     27.139908   
4            135838.0       249587.83    257032.07   1199901.61     28.412764   

   StockTurnover  SalesToPurchaseRatio  
0       0.979108              1.338647  
1       0.976890              1.266830  
2       0.998575              1.327594  
3       0.993703              1.372493  
4       0.983556              1.396897  
2026-07-06 15:16:18,224-INFO-Ingesting data....
2026-07-06 15:16:18,409-INFO-vendor_sales_summary ingested successfully.
2026-07-06 15:16:18,410-INFO-Completed
